<?xml version="1.0" encoding="UTF-8"?>
<!-- Generated by org.testng.reporters.JUnitReportReporter -->
<testsuite skipped="0" hostname="ndi-lap-841" name="WorkdayTC.LoginPageTC" tests="1" failures="0" timestamp="2020-03-25T19:11:59 IST" time="0.035" errors="0">
  <testcase name="verifytitle" time="0.035" classname="WorkdayTC.LoginPageTC"/>
</testsuite> <!-- WorkdayTC.LoginPageTC -->
